<?xml version="1.0" encoding="UTF-8"?>
<testsuite xmlns:xsi="http://www.w3.org/2001/XMLSchema-instance" xsi:noNamespaceSchemaLocation="https://maven.apache.org/surefire/maven-surefire-plugin/xsd/surefire-test-report-3.0.xsd" version="3.0" name="com.example.EcommercePipelineTest" time="0.615" tests="1" errors="1" skipped="0" failures="0">
  <properties>
[...]
</properties>
  <testcase name="" classname="com.example.EcommercePipelineTest" time="0.615">
    <error message="getSubject is not supported" type="java.lang.UnsupportedOperationException"><![CDATA[java.lang.UnsupportedOperationException: getSubject is not supported
	at java.base/javax.security.auth.Subject.getSubject(Subject.java:277)
	at org.apache.hadoop.security.UserGroupInformation.getCurrentUser(UserGroupInformation.java:577)
	at org.apache.spark.util.Utils$.$anonfun$getCurrentUserName$1(Utils.scala:2416)
	at scala.Option.getOrElse(Option.scala:189)
	at org.apache.spark.util.Utils$.getCurrentUserName(Utils.scala:2416)
	at org.apache.spark.SparkContext.<init>(SparkContext.scala:334)
	at org.apache.spark.SparkContext$.getOrCreate(SparkContext.scala:2888)
	at org.apache.spark.sql.SparkSession$Builder.$anonfun$getOrCreate$2(SparkSession.scala:1099)
	at scala.Option.getOrElse(Option.scala:189)
	at org.apache.spark.sql.SparkSession$Builder.getOrCreate(SparkSession.scala:1093)
	at com.example.EcommercePipelineTest.setUpSpark(EcommercePipelineTest.java:36)
	at java.base/java.lang.reflect.Method.invoke(Method.java:565)
	at java.base/java.util.ArrayList.forEach(ArrayList.java:1604)
]]></error>
    <system-err><![CDATA[Using Spark's default log4j profile: org/apache/spark/log4j2-defaults.properties
26/01/18 09:55:01 WARN Utils: Your hostname, Anushkas-MacBook-Air.local resolves to a loopback address: 127.0.0.1; using 192.168.0.134 instead (on interface en0)
26/01/18 09:55:01 WARN Utils: Set SPARK_LOCAL_IP if you need to bind to another address
26/01/18 09:55:02 INFO SparkContext: Running Spark version 3.5.0
26/01/18 09:55:02 INFO SparkContext: OS info Mac OS X, 15.6, aarch64
26/01/18 09:55:02 INFO SparkContext: Java version 25.0.1
26/01/18 09:55:02 WARN NativeCodeLoader: Unable to load native-hadoop library for your platform... using builtin-java classes where applicable
]]></system-err>
  </testcase>
</testsuite>